[2025-09-20 14:59:02] common_voice_hi_23827473.mp3 -> Response ended prematurely
[2025-09-20 14:59:08] common_voice_hi_23827474.mp3 -> HTTPSConnectionPool(host='translate.google.com', port=443): Max retries exceeded with url: /m?tl=mr&sl=hi&q=%E0%A4%AE%E0%A5%88%E0%A4%82+%E0%A4%85%E0%A4%AD%E0%A5%80+%E0%A4%9A%E0%A5%8B%E0%A4%B0%E0%A4%A8%E0%A5%87+%E0%A4%B5%E0%A4%BE%E0%A4%B2%E0%A5%80+%E0%A4%A8%E0%A4%B9%E0%A5%80%E0%A4%82+%E0%A4%B9%E0%A5%8B (Caused by NameResolutionError("<urllib3.connection.HTTPSConnection object at 0x000001799803DF90>: Failed to resolve 'translate.google.com' ([Errno 11001] getaddrinfo failed)"))
[2025-09-20 14:59:25] common_voice_hi_23827475.mp3 -> HTTPSConnectionPool(host='translate.google.com', port=443): Max retries exceeded with url: /m?tl=mr&sl=hi&q=%E0%A4%85%E0%A4%95%E0%A5%8D%E0%A4%A4%E0%A4%BF%E0%A4%A8%E0%A4%BF%E0%A4%AE+%E0%A4%95%E0%A4%BE+%E0%A4%96%E0%A5%8B%E0%A4%9C+%E0%A4%86%E0%A4%A8%E0%A5%8D%E0%A4%A1%E0%A5%87+%E0%A4%B2%E0%A5%81%E0%A4%88+%E0%A4%A6%E0%A5%87%E0%A4%AD%E0%A4%BF%E0%A4%B0+%E0%A4%A8%E0%A5%87+%E0%A4%B8%E0%A4%BE%E0%A4%B2+%E0%A4%85%E0%A4%9F%E0%A5%8D%E0%A4%B0%E0%A4%BE%E0%A4%B8%E0%A5%8B+%E0%A4%A8%E0%A4%BF%E0%A4%A8%E0%A5%8D%E0%A4%AF%E0%A4%BE%E0%A4%A8%E0%A4%AC%E0%A5%87+%E0%A4%AE%E0%A5%87%E0%A4%82+%E0%A4%95%E0%A4%BF%E0%A4%AF%E0%A4%BE+%E0%A4%A4%E0%A4%BE (Caused by NameResolutionError("<urllib3.connection.HTTPSConnection object at 0x000001799803E7A0>: Failed to resolve 'translate.google.com' ([Errno 11001] getaddrinfo failed)"))
[2025-09-20 14:59:39] common_voice_hi_23827476.mp3 -> HTTPSConnectionPool(host='translate.google.com', port=443): Max retries exceeded with url: /m?tl=mr&sl=hi&q=%E0%A4%9A%E0%A4%BE%E0%A4%88+%E0%A4%B5%E0%A4%BE%E0%A4%AF+%E0%A4%95%E0%A5%81%E0%A4%9B+%E0%A4%B2%E0%A5%8B%E0%A4%97%E0%A5%80 (Caused by NameResolutionError("<urllib3.connection.HTTPSConnection object at 0x000001799803EB00>: Failed to resolve 'translate.google.com' ([Errno 11001] getaddrinfo failed)"))
[2025-09-20 14:59:42] common_voice_hi_23827477.mp3 -> HTTPSConnectionPool(host='translate.google.com', port=443): Max retries exceeded with url: /m?tl=mr&sl=hi&q=%E0%A4%89%E0%A4%B8%E0%A4%95%E0%A4%BE+%E0%A4%95%E0%A4%B9%E0%A4%BE+%E0%A4%B9%E0%A5%81%E0%A4%86+%E0%A4%8F%E0%A4%95+%E0%A4%B6%E0%A4%AC%E0%A5%8D%E0%A4%A6+%E0%A4%AD%E0%A5%80+%E0%A4%B8%E0%A5%81%E0%A4%A8%E0%A5%8D%E0%A4%A8%E0%A5%87+%E0%A4%B2%E0%A4%BE%E0%A4%AF%E0%A4%95+%E0%A4%A8%E0%A4%B9%E0%A5%80%E0%A4%82+%E0%A4%B9%E0%A5%88 (Caused by NameResolutionError("<urllib3.connection.HTTPSConnection object at 0x000001799803E440>: Failed to resolve 'translate.google.com' ([Errno 11001] getaddrinfo failed)"))
[2025-09-20 14:59:45] common_voice_hi_23827785.mp3 -> HTTPSConnectionPool(host='translate.google.com', port=443): Max retries exceeded with url: /m?tl=mr&sl=hi&q=%E0%A4%AC%E0%A4%BE%E0%A4%B9%E0%A4%B0+%E0%A4%A8%E0%A4%B9%E0%A5%80%E0%A4%82+%E0%A4%9C%E0%A4%BE%E0%A4%A8%E0%A4%BE+%E0%A4%9A%E0%A4%BE%E0%A4%B9%E0%A4%A4%E0%A5%87+%E0%A4%B9%E0%A5%8B+%E0%A4%95%E0%A5%8D%E0%A4%AF%E0%A4%BE (Caused by NameResolutionError("<urllib3.connection.HTTPSConnection object at 0x000001799803F4F0>: Failed to resolve 'translate.google.com' ([Errno 11001] getaddrinfo failed)"))
[2025-09-20 14:59:47] common_voice_hi_23827786.mp3 -> HTTPSConnectionPool(host='translate.google.com', port=443): Max retries exceeded with url: /m?tl=mr&sl=hi&q=%E0%A4%85%E0%A4%AE%E0%A5%87%E0%A4%82+%E0%A4%B8%E0%A5%8D%E0%A4%95%E0%A5%87%E0%A4%9F%E0%A4%BF%E0%A4%82%E0%A4%95%E0%A4%B0+%E0%A4%95%E0%A5%87+%E0%A4%AE%E0%A4%9C%E0%A4%BE+%E0%A4%86%E0%A4%AF%E0%A4%BE (Caused by NameResolutionError("<urllib3.connection.HTTPSConnection object at 0x000001799803C5E0>: Failed to resolve 'translate.google.com' ([Errno 11001] getaddrinfo failed)"))
[2025-09-20 14:59:50] common_voice_hi_23827787.mp3 -> HTTPSConnectionPool(host='translate.google.com', port=443): Max retries exceeded with url: /m?tl=mr&sl=hi&q=%E0%A4%AF%E0%A4%B9+%E0%A4%97%E0%A4%BC%E0%A5%87%E0%A4%B0+%E0%A4%95%E0%A4%BE%E0%A4%A8%E0%A5%81%E0%A4%A8%E0%A5%80+%E0%A4%B9%E0%A5%8B%E0%A4%A8%E0%A4%BE+%E0%A4%9A%E0%A4%BE%E0%A4%B9%E0%A5%80+%E0%A4%B9%E0%A5%88 (Caused by NameResolutionError("<urllib3.connection.HTTPSConnection object at 0x000001799803D450>: Failed to resolve 'translate.google.com' ([Errno 11001] getaddrinfo failed)"))
[2025-09-20 15:00:05] common_voice_hi_23827788.mp3 -> HTTPSConnectionPool(host='translate.google.com', port=443): Max retries exceeded with url: /m?tl=mr&sl=hi&q=%E0%A4%85%E0%A4%A8%E0%A5%8D%E0%A4%B5%E0%A4%B0+%E0%A4%9C%E0%A4%B9%E0%A4%BE%E0%A4%97%E0%A5%8B+%E0%A4%A4%E0%A5%80%E0%A4%82%E0%A4%9F%E0%A4%B2%E0%A4%BE%E0%A4%95+%E0%A4%AA%E0%A4%B0+%E0%A4%B8%E0%A5%81%E0%A4%AA%E0%A5%8D%E0%A4%B0%E0%A5%80%E0%A4%AE+%E0%A4%95%E0%A5%8B%E0%A4%A1+%E0%A4%95%E0%A5%87+%E0%A4%AB%E0%A5%88%E0%A4%B8%E0%A4%B2%E0%A5%87+%E0%A4%B8%E0%A5%80+%E0%A4%AE%E0%A4%BF%E0%A4%B2%E0%A5%80+%E0%A4%A6%E0%A5%82%E0%A4%B0%E0%A5%80+%E0%A4%96%E0%A5%81%E0%A4%B7%E0%A5%80 (Caused by NameResolutionError("<urllib3.connection.HTTPSConnection object at 0x000001799803C6A0>: Failed to resolve 'translate.google.com' ([Errno 11001] getaddrinfo failed)"))
[2025-09-20 15:00:07] common_voice_hi_23827789.mp3 -> HTTPSConnectionPool(host='translate.google.com', port=443): Max retries exceeded with url: /m?tl=mr&sl=hi&q=%E0%A4%97%E0%A5%81%E0%A4%B2%E0%A5%8D%E0%A4%A6%E0%A4%BE%E0%A4%A8+%E0%A4%95%E0%A5%8B+%E0%A4%95%E0%A4%BF%E0%A4%B8+%E0%A4%A8%E0%A5%87+%E0%A4%A4%E0%A5%8B%E0%A4%B0+%E0%A4%A6%E0%A4%BF%E0%A4%AF%E0%A4%BE%3F (Caused by NameResolutionError("<urllib3.connection.HTTPSConnection object at 0x000001799803CEB0>: Failed to resolve 'translate.google.com' ([Errno 11001] getaddrinfo failed)"))
[2025-09-20 15:00:11] common_voice_hi_23827790.mp3 -> HTTPSConnectionPool(host='translate.google.com', port=443): Max retries exceeded with url: /m?tl=mr&sl=hi&q=%E0%A4%86%E0%A4%88%E0%A4%9F%E0%A5%80+%E0%A4%AC%E0%A4%BE%E0%A4%AE%E0%A4%AC%E0%A5%87+%E0%A4%95%E0%A5%87+%E0%A4%B6%E0%A5%8D%E0%A4%B5%E0%A4%BF%E0%A4%9F%E0%A5%8D%E0%A4%9F%E0%A4%A8%E0%A5%8D%E0%A4%B8+%E0%A4%A8%E0%A5%87+%E0%A4%AC%E0%A4%A8%E0%A4%BE%E0%A4%88+%E0%A4%B8%E0%A4%AC+%E0%A4%B8%E0%A5%87+%E0%A4%A4%E0%A5%87%E0%A4%9C+%E0%A4%AB%E0%A4%B0%E0%A5%8D%E0%A4%AE%E0%A5%82%E0%A4%B2%E0%A4%B0%E0%A5%87%E0%A4%B6%E0%A4%BF%E0%A4%82%E0%A4%95%E0%A4%BE%E0%A4%B0 (Caused by NameResolutionError("<urllib3.connection.HTTPSConnection object at 0x000001799803E590>: Failed to resolve 'translate.google.com' ([Errno 11001] getaddrinfo failed)"))
[2025-09-20 15:00:14] common_voice_hi_23827791.mp3 -> HTTPSConnectionPool(host='translate.google.com', port=443): Max retries exceeded with url: /m?tl=mr&sl=hi&q=%E0%A4%89%E0%A4%B8%E0%A5%8D%E0%A4%9F%E0%A4%A8%E0%A5%87+%E0%A4%85%E0%A4%AA%E0%A4%A8%E0%A5%87+%E0%A4%A6%E0%A5%81%E0%A4%95+%E0%A4%95%E0%A5%8B+%E0%A4%85%E0%A4%AA%E0%A4%A8%E0%A5%80+%E0%A4%AE%E0%A5%81%E0%A4%B8%E0%A5%8D%E0%A4%95%E0%A5%81%E0%A4%B0+%E0%A4%85%E0%A4%B9%E0%A4%BE%E0%A4%9F+%E0%A4%95%E0%A5%87+%E0%A4%AA%E0%A5%80%E0%A4%9B%E0%A5%87+%E0%A4%9A%E0%A4%BF%E0%A4%AA%E0%A4%BE+%E0%A4%B2%E0%A4%BF%E0%A4%AF%E0%A4%BE (Caused by NameResolutionError("<urllib3.connection.HTTPSConnection object at 0x000001799803F0A0>: Failed to resolve 'translate.google.com' ([Errno 11001] getaddrinfo failed)"))
[2025-09-20 15:00:17] common_voice_hi_23827792.mp3 -> HTTPSConnectionPool(host='translate.google.com', port=443): Max retries exceeded with url: /m?tl=mr&sl=hi&q=%E0%A4%A4%E0%A5%8B%E0%A4%AE+%E0%A4%AD%E0%A4%BE%E0%A4%97%E0%A4%BE (Caused by NameResolutionError("<urllib3.connection.HTTPSConnection object at 0x000001799803E860>: Failed to resolve 'translate.google.com' ([Errno 11001] getaddrinfo failed)"))
[2025-09-20 15:00:20] common_voice_hi_23827793.mp3 -> HTTPSConnectionPool(host='translate.google.com', port=443): Max retries exceeded with url: /m?tl=mr&sl=hi&q=%E0%A4%A4%E0%A5%81%E0%A4%AE+%E0%A4%95%E0%A5%81%E0%A4%9B+%E0%A4%9C%E0%A4%BC%E0%A4%BE%E0%A4%A6%E0%A4%BE+%E0%A4%B9%E0%A5%80+%E0%A4%B6%E0%A4%95%E0%A4%B0+%E0%A4%A1%E0%A4%BE%E0%A4%B2%E0%A4%A4%E0%A5%80+%E0%A4%B9%E0%A5%8B (Caused by NameResolutionError("<urllib3.connection.HTTPSConnection object at 0x000001799803E530>: Failed to resolve 'translate.google.com' ([Errno 11001] getaddrinfo failed)"))
[2025-09-20 15:00:23] common_voice_hi_23827794.mp3 -> HTTPSConnectionPool(host='translate.google.com', port=443): Max retries exceeded with url: /m?tl=mr&sl=hi&q=%E0%A4%A4%E0%A5%81%E0%A4%AE%E0%A5%8D%E0%A4%B9%E0%A5%87+%E0%A4%9C%E0%A5%88%E0%A4%B8%E0%A5%87+%E0%A4%B9%E0%A5%80+%E0%A4%AF%E0%A5%87+%E0%A4%AA%E0%A4%A4%E0%A5%8D%E0%A4%B0%E0%A4%AD%E0%A4%BF%E0%A4%B2%E0%A5%87+%E0%A4%AE%E0%A5%81%E0%A4%9D%E0%A5%87+%E0%A4%B2%E0%A4%BF%E0%A4%96%E0%A4%95+%E0%A4%9C%E0%A4%AC%E0%A4%BE%E0%A4%AC+%E0%A4%A6%E0%A5%87%E0%A4%A8%E0%A4%BE (Caused by NameResolutionError("<urllib3.connection.HTTPSConnection object at 0x000001799803C820>: Failed to resolve 'translate.google.com' ([Errno 11001] getaddrinfo failed)"))
[2025-09-20 15:00:26] common_voice_hi_23827795.mp3 -> HTTPSConnectionPool(host='translate.google.com', port=443): Max retries exceeded with url: /m?tl=mr&sl=hi&q=%E0%A4%A4%E0%A4%B5%E0%A4%BE%E0%A4%AE+%E0%A4%AE%E0%A5%87%E0%A4%B0%E0%A4%BE+%E0%A4%9A%E0%A4%BE%E0%A4%9A%E0%A4%BE+%E0%A4%B2%E0%A4%97%E0%A4%A4%E0%A4%BE+%E0%A4%B9%E0%A5%88 (Caused by NameResolutionError("<urllib3.connection.HTTPSConnection object at 0x000001799803C160>: Failed to resolve 'translate.google.com' ([Errno 11001] getaddrinfo failed)"))
[2025-09-20 15:00:28] common_voice_hi_23827796.mp3 -> HTTPSConnectionPool(host='translate.google.com', port=443): Max retries exceeded with url: /m?tl=mr&sl=hi&q=%E0%A4%B5%E0%A4%A6%E0%A5%8D%E0%A4%B5%E0%A5%81%E0%A4%B0%E0%A4%BE+%E0%A4%AE%E0%A5%87%E0%A4%82+%E0%A4%8F%E0%A4%95+%E0%A4%B8%E0%A4%A8%E0%A5%8D%E0%A4%95%E0%A5%80+%E0%A4%95%E0%A4%BE+%E0%A4%B8%E0%A4%A5%E0%A5%8D%E0%A4%A4%E0%A4%BF%E0%A4%AF%E0%A4%BE%E0%A4%97+%E0%A4%B0%E0%A4%B9%E0%A5%87%E0%A4%82%E0%A5%A4 (Caused by NameResolutionError("<urllib3.connection.HTTPSConnection object at 0x000001799803D330>: Failed to resolve 'translate.google.com' ([Errno 11001] getaddrinfo failed)"))
[2025-09-20 15:00:31] common_voice_hi_23827797.mp3 -> HTTPSConnectionPool(host='translate.google.com', port=443): Max retries exceeded with url: /m?tl=mr&sl=hi&q=%E0%A4%AE%E0%A5%87%E0%A4%B0%E0%A4%BE+%E0%A4%B5%E0%A4%B9%E0%A5%80+%E0%A4%AE%E0%A4%A4%E0%A4%B2%E0%A4%AC+%E0%A4%B9%E0%A5%88 (Caused by NameResolutionError("<urllib3.connection.HTTPSConnection object at 0x000001799803F4F0>: Failed to resolve 'translate.google.com' ([Errno 11001] getaddrinfo failed)"))
[2025-09-20 15:00:34] common_voice_hi_23827798.mp3 -> HTTPSConnectionPool(host='translate.google.com', port=443): Max retries exceeded with url: /m?tl=mr&sl=hi&q=%E0%A4%A4%E0%A5%8B%E0%A4%AE+%E0%A4%AC%E0%A4%BE%E0%A4%B9%E0%A4%B0+%E0%A4%87%E0%A4%82%E0%A4%9F%E0%A4%BC%E0%A4%BE%E0%A4%B0+%E0%A4%95%E0%A4%B0+%E0%A4%B0%E0%A4%B9%E0%A5%87+%E0%A4%B9%E0%A5%88 (Caused by NameResolutionError("<urllib3.connection.HTTPSConnection object at 0x000001799803D1E0>: Failed to resolve 'translate.google.com' ([Errno 11001] getaddrinfo failed)"))
[2025-09-20 15:00:37] common_voice_hi_23827799.mp3 -> HTTPSConnectionPool(host='translate.google.com', port=443): Max retries exceeded with url: /m?tl=mr&sl=hi&q=%E0%A4%AE%E0%A4%BE%E0%A4%B0%E0%A4%BF%E0%A4%AF%E0%A5%8B+%E0%A4%AE%E0%A5%81%E0%A4%9D%E0%A5%87+%E0%A4%B8%E0%A4%AE%E0%A4%B2%E0%A4%82%E0%A4%97%E0%A5%87+%E0%A4%95%E0%A4%B9%E0%A4%A8%E0%A4%BE+%E0%A4%AC%E0%A4%A8%E0%A4%A6+%E0%A4%95%E0%A4%B0%E0%A5%8B+%E0%A4%AE%E0%A5%88%E0%A4%82+%E0%A4%B8%E0%A5%80%E0%A4%A5%E0%A4%BE+%E0%A4%B9%E0%A5%82%E0%A4%81 (Caused by NameResolutionError("<urllib3.connection.HTTPSConnection object at 0x000001799803DD80>: Failed to resolve 'translate.google.com' ([Errno 11001] getaddrinfo failed)"))
[2025-09-20 15:00:40] common_voice_hi_23827800.mp3 -> HTTPSConnectionPool(host='translate.google.com', port=443): Max retries exceeded with url: /m?tl=mr&sl=hi&q=%E0%A4%85%E0%A4%9C%E0%A4%BC%E0%A4%BC+%E0%A4%AC%E0%A4%BE%E0%A4%9C+%E0%A4%A6%E0%A5%87%E0%A4%96%E0%A5%8B+%E0%A4%A4%E0%A4%BE%E0%A4%AE (Caused by NameResolutionError("<urllib3.connection.HTTPSConnection object at 0x000001799803F4C0>: Failed to resolve 'translate.google.com' ([Errno 11001] getaddrinfo failed)"))
[2025-09-20 15:00:43] common_voice_hi_23827801.mp3 -> HTTPSConnectionPool(host='translate.google.com', port=443): Max retries exceeded with url: /m?tl=mr&sl=hi&q=%E0%A4%85%E0%A4%AC+0+%E0%A4%A6%E0%A4%BF%E0%A4%96%E0%A5%87%E0%A4%97%E0%A5%87%E0%A4%97%E0%A4%BE+%E0%A4%A4%E0%A4%BE%E0%A4%87%E0%A4%97%E0%A4%B0+%E0%A4%B8%E0%A4%B2%E0%A5%8D%E0%A4%AE%E0%A4%BE%E0%A4%A8+%E0%A4%95%E0%A4%BE%E0%A4%A6%E0%A4%AE (Caused by NameResolutionError("<urllib3.connection.HTTPSConnection object at 0x000001799803F220>: Failed to resolve 'translate.google.com' ([Errno 11001] getaddrinfo failed)"))
[2025-09-20 15:00:46] common_voice_hi_23827802.mp3 -> HTTPSConnectionPool(host='translate.google.com', port=443): Max retries exceeded with url: /m?tl=mr&sl=hi&q=%E0%A4%95%E0%A5%87%E0%A4%A8+%E0%A4%A8%E0%A5%87+%E0%A4%85%E0%A4%AD%E0%A5%80+%E0%A4%A6%E0%A4%97%E0%A4%BE%E0%A4%A1%E0%A5%80+%E0%A4%A8%E0%A4%B9%E0%A5%80%E0%A4%82+%E0%A4%A6%E0%A5%8B%E0%A4%88+%E0%A4%B9%E0%A5%88 (Caused by NameResolutionError("<urllib3.connection.HTTPSConnection object at 0x000001799803ED10>: Failed to resolve 'translate.google.com' ([Errno 11001] getaddrinfo failed)"))
[2025-09-20 15:00:49] common_voice_hi_23827803.mp3 -> HTTPSConnectionPool(host='translate.google.com', port=443): Max retries exceeded with url: /m?tl=mr&sl=hi&q=%E0%A4%85%E0%A4%97%E0%A4%B0+%E0%A4%B9%E0%A4%AE%E0%A4%95%E0%A5%8B+%E0%A4%B8%E0%A5%8D%E0%A4%9F%E0%A5%87%E0%A4%B6%E0%A4%A8+%E0%A4%B8%E0%A4%AE%E0%A4%AF%E0%A4%AA%E0%A4%B0+%E0%A4%AA%E0%A4%B9%E0%A5%81%E0%A4%9A%E0%A4%A8%E0%A4%BE+%E0%A4%B9%E0%A5%88+%E0%A4%A4%E0%A5%8B+%E0%A4%B9%E0%A4%AE%E0%A4%95%E0%A5%8B+%E0%A4%9C%E0%A4%B2%E0%A5%8D%E0%A4%A1%E0%A4%BF+%E0%A4%95%E0%A4%B0%E0%A4%A8%E0%A5%80+%E0%A4%B9%E0%A5%8B%E0%A4%82%E0%A4%97%E0%A5%80 (Caused by NameResolutionError("<urllib3.connection.HTTPSConnection object at 0x000001799803F4C0>: Failed to resolve 'translate.google.com' ([Errno 11001] getaddrinfo failed)"))
[2025-09-20 15:00:52] common_voice_hi_23827804.mp3 -> HTTPSConnectionPool(host='translate.google.com', port=443): Max retries exceeded with url: /m?tl=mr&sl=hi&q=%E0%A4%AE%E0%A4%BF%E0%A4%B0%E0%A4%BE+%E0%A4%AB%E0%A5%8B%E0%A4%82+%E0%A4%95%E0%A4%B0%E0%A4%BE%E0%A4%AC+%E0%A4%B9%E0%A5%88 (Caused by NameResolutionError("<urllib3.connection.HTTPSConnection object at 0x000001799803EC20>: Failed to resolve 'translate.google.com' ([Errno 11001] getaddrinfo failed)"))
[2025-09-20 15:00:54] common_voice_hi_23828667.mp3 -> HTTPSConnectionPool(host='translate.google.com', port=443): Max retries exceeded with url: /m?tl=mr&sl=hi&q=%E0%A4%B2%E0%A5%8B%E0%A4%B0%E0%A5%80+%E0%A4%86%E0%A4%AC+%E0%A4%8F%E0%A4%95+%E0%A4%AA%E0%A5%81%E0%A4%B8%E0%A5%8D%E0%A4%A4%E0%A4%95+%E0%A4%AA%E0%A4%A1+%E0%A4%B0%E0%A4%B9%E0%A5%80+%E0%A4%B9%E0%A5%88 (Caused by NameResolutionError("<urllib3.connection.HTTPSConnection object at 0x000001799803D630>: Failed to resolve 'translate.google.com' ([Errno 11001] getaddrinfo failed)"))
[2025-09-20 15:00:58] common_voice_hi_23828668.mp3 -> HTTPSConnectionPool(host='translate.google.com', port=443): Max retries exceeded with url: /m?tl=mr&sl=hi&q=%E0%A4%85%E0%A4%A6%E0%A5%8D%E0%A4%AF%E0%A4%BE%E0%A4%B0%E0%A5%8B%E0%A4%82+%E0%A4%95%E0%A5%80+%E0%A4%A4%E0%A4%B8%E0%A5%8D%E0%A4%95%E0%A4%B0%E0%A5%80+%E0%A4%95%E0%A4%B0%E0%A4%A8%E0%A5%87+%E0%A4%B5%E0%A4%BE%E0%A4%B2%E0%A5%87%E0%A4%B5+%E0%A4%95%E0%A5%80+%E0%A4%B0%E0%A5%8B%E0%A4%97+%E0%A4%95%E0%A4%AC%E0%A4%BE%E0%A4%A8%E0%A5%8D%E0%A4%A6%E0%A4%BE+%E0%A4%AB%E0%A5%8B%E0%A4%B0 (Caused by NameResolutionError("<urllib3.connection.HTTPSConnection object at 0x000001799803CE80>: Failed to resolve 'translate.google.com' ([Errno 11001] getaddrinfo failed)"))
[2025-09-20 15:01:02] common_voice_hi_23828669.mp3 -> HTTPSConnectionPool(host='translate.google.com', port=443): Max retries exceeded with url: /m?tl=mr&sl=hi&q=%E0%A4%85%E0%A4%AA+%E0%A4%96%E0%A5%81%E0%A4%B2%E0%A5%87+%E0%A4%95%E0%A5%80+%E0%A4%A4%E0%A5%87%E0%A4%B6+%E0%A4%AD%E0%A4%BF%E0%A4%B0%E0%A5%8B%E0%A4%A6%E0%A4%BF%E0%A4%A8%E0%A4%BE%E0%A4%B0%E0%A5%87+%E0%A4%AC%E0%A4%BE%E0%A4%9C%E0%A5%80+%E0%A4%95%E0%A5%80+%E0%A4%B8%E0%A4%9A%E0%A5%8D%E0%A4%9A%E0%A4%BE%E0%A4%88+%E0%A4%86%E0%A4%B0%E0%A5%8D%E0%A4%B0%E0%A4%BF%E0%A4%AF%E0%A4%BE+%E0%A4%AA%E0%A5%82%E0%A4%81%E0%A4%9A%E0%A5%80+%E0%A4%AA%E0%A5%8D%E0%A4%B0%E0%A5%87%E0%A4%82%E0%A4%B6%E0%A4%BF%E0%A4%95%E0%A5%8D%E0%A4%9F%E0%A5%80%E0%A4%82 (Caused by NameResolutionError("<urllib3.connection.HTTPSConnection object at 0x000001799803EC50>: Failed to resolve 'translate.google.com' ([Errno 11001] getaddrinfo failed)"))
[2025-09-20 15:01:04] common_voice_hi_23828670.mp3 -> HTTPSConnectionPool(host='translate.google.com', port=443): Max retries exceeded with url: /m?tl=mr&sl=hi&q=%E0%A4%AF%E0%A4%B9+%E0%A4%AE%E0%A5%88%E0%A4%B0%E0%A5%80+%E0%A4%95%E0%A4%BE+%E0%A4%95%E0%A5%81%E0%A4%A4%E0%A5%8D%E0%A4%A4%E0%A4%BE+%E0%A4%B9%E0%A5%88 (Caused by NameResolutionError("<urllib3.connection.HTTPSConnection object at 0x000001799803EF50>: Failed to resolve 'translate.google.com' ([Errno 11001] getaddrinfo failed)"))
[2025-09-20 15:01:08] common_voice_hi_23828671.mp3 -> HTTPSConnectionPool(host='translate.google.com', port=443): Max retries exceeded with url: /m?tl=mr&sl=hi&q=%E0%A4%9A%E0%A5%8D%E0%A4%B5%E0%A4%BF%E0%A4%B2+%E0%A4%AA%E0%A4%BE%E0%A4%A8%E0%A5%8D%E0%A4%A6%E0%A5%87+%E0%A4%B8%E0%A5%87%E0%A4%AA%E0%A5%8D%E0%A4%B0%E0%A5%87%E0%A4%B0%E0%A5%87+%E0%A4%A4%E0%A5%8B+%E0%A4%B8%E0%A5%8B%E0%A4%B9%E0%A4%BE+%E0%A4%AC%E0%A4%A8%E0%A5%87%E0%A4%82%E0%A4%97%E0%A5%80+%E0%A4%B2%E0%A5%87%E0%A4%A1%E0%A5%80+%E0%A4%A4%E0%A4%B5%E0%A4%BE%E0%A4%81 (Caused by NameResolutionError("<urllib3.connection.HTTPSConnection object at 0x000001799803C820>: Failed to resolve 'translate.google.com' ([Errno 11001] getaddrinfo failed)"))
[2025-09-20 15:01:10] common_voice_hi_23828682.mp3 -> HTTPSConnectionPool(host='translate.google.com', port=443): Max retries exceeded with url: /m?tl=mr&sl=hi&q=%E0%A4%A4%E0%A5%81%E0%A4%AE%E0%A4%BE%E0%A4%B0%E0%A5%80+%E0%A4%86%E0%A4%96%E0%A5%87+%E0%A4%96%E0%A4%B0%E0%A4%BE%E0%A4%AC+%E0%A4%B9%E0%A5%88%E0%A4%82+%E0%A4%95%E0%A5%8D%E0%A4%AF%E0%A4%BE%3F (Caused by NameResolutionError("<urllib3.connection.HTTPSConnection object at 0x000001799803E800>: Failed to resolve 'translate.google.com' ([Errno 11001] getaddrinfo failed)"))
[2025-09-20 15:01:12] common_voice_hi_23828683.mp3 -> HTTPSConnectionPool(host='translate.google.com', port=443): Max retries exceeded with url: /m?tl=mr&sl=hi&q=%E0%A4%AC%E0%A5%87%E0%A4%96+%E0%A4%86%E0%A4%A4%E0%A5%87+%E0%A4%B9%E0%A5%88%E0%A4%82 (Caused by NameResolutionError("<urllib3.connection.HTTPSConnection object at 0x000001799803E9E0>: Failed to resolve 'translate.google.com' ([Errno 11001] getaddrinfo failed)"))
[2025-09-20 15:01:16] common_voice_hi_23828684.mp3 -> HTTPSConnectionPool(host='translate.google.com', port=443): Max retries exceeded with url: /m?tl=mr&sl=hi&q=%E0%A4%A4%E0%A5%81%E0%A4%AE+%E0%A4%95%E0%A4%AD%E0%A5%80+%E0%A4%95%E0%A4%A8%E0%A4%BE%E0%A4%A1%E0%A4%BE+%E0%A4%97%E0%A4%AF+%E0%A4%B9%E0%A5%82%E0%A4%81+%E0%A4%95%E0%A5%8D%E0%A4%AF%E0%A4%BE%3F (Caused by NameResolutionError("<urllib3.connection.HTTPSConnection object at 0x000001799803D2D0>: Failed to resolve 'translate.google.com' ([Errno 11001] getaddrinfo failed)"))
[2025-09-20 15:01:19] common_voice_hi_23828685.mp3 -> HTTPSConnectionPool(host='translate.google.com', port=443): Max retries exceeded with url: /m?tl=mr&sl=hi&q=%E0%A4%AC%E0%A4%9A%E0%A5%8D%E0%A4%9B%E0%A5%8B%E0%A4%97+%E0%A4%AC%E0%A4%BE%E0%A4%AC%E0%A4%BE%E0%A4%AC+%E0%A4%95%E0%A5%80+%E0%A4%AC%E0%A4%BE%E0%A4%A6+%E0%A4%AE%E0%A4%BE%E0%A4%A8%E0%A5%80+%E0%A4%9C%E0%A4%BE%E0%A4%B9%E0%A5%80%E0%A4%8F (Caused by NameResolutionError("<urllib3.connection.HTTPSConnection object at 0x000001799803F3D0>: Failed to resolve 'translate.google.com' ([Errno 11001] getaddrinfo failed)"))
[2025-09-20 15:27:16] common_voice_hi_23849352.mp3 -> 200 (OK) from TTS API. Probable cause: Unknown
[2025-09-20 17:37:14] common_voice_hi_24774827.mp3 -> मैं वो कल करने वाली ती मैं वो कल करने वाला था --> No translation was found using the current translator. Try another translator?
[2025-09-20 17:37:18] common_voice_hi_24774829.mp3 -> बहेंकी मुझद से दूखी भाईने भी मुझद को बले लगाया --> No translation was found using the current translator. Try another translator?
[2025-09-20 17:37:34] common_voice_hi_24774833.mp3 -> सल्मान कत्रीना ताईर्स जिंदा है का तरेलर चार दिन बाज --> No translation was found using the current translator. Try another translator?
[2025-09-20 17:37:37] common_voice_hi_24774835.mp3 -> अप गर जीए गीडी राज --> No translation was found using the current translator. Try another translator?
[2025-09-20 17:37:40] common_voice_hi_24774836.mp3 -> तुमारे होड लाल है --> No translation was found using the current translator. Try another translator?
[2025-09-20 17:37:43] common_voice_hi_24774838.mp3 -> आप के पास दो फूल है --> No translation was found using the current translator. Try another translator?
[2025-09-20 17:38:01] common_voice_hi_24782642.mp3 -> तन्दी पडी है राज़ा भीया के गो ताले की जाज --> No translation was found using the current translator. Try another translator?
[2025-09-20 17:38:10] common_voice_hi_24782644.mp3 -> मैं मेरी बहेंके साथ एक खेल खेलती हूँ --> No translation was found using the current translator. Try another translator?
[2025-09-20 17:57:46] common_voice_hi_24957789.mp3 -> No text to speak
[2025-09-20 20:08:57] common_voice_hi_25248769.mp3 -> No text to speak
[2025-09-20 20:12:11] common_voice_hi_25269004.mp3 -> ('Connection aborted.', ConnectionAbortedError(10053, 'An established connection was aborted by the software in your host machine', None, 10053, None))
[2025-09-20 20:25:36] common_voice_hi_25319365.mp3 -> ('Connection aborted.', ConnectionAbortedError(10053, 'An established connection was aborted by the software in your host machine', None, 10053, None))
[2025-09-20 20:35:53] common_voice_hi_25344889.mp3 -> No text to speak
[2025-09-20 21:29:52] common_voice_hi_25982677.mp3 -> मैं वाड्दिश्चा देख नहीं सका --> No translation was found using the current translator. Try another translator?
[2025-09-20 21:31:05] common_voice_hi_25983312.mp3 -> वाँ मेरा भीड़़ी लीएगे --> No translation was found using the current translator. Try another translator?
[2025-09-20 21:31:18] common_voice_hi_25983324.mp3 -> अच्शे बीबी के प्रुमुशन तेक्ष्टी तेख्छी --> No translation was found using the current translator. Try another translator?
[2025-09-20 21:31:44] common_voice_hi_25983325.mp3 -> तुम पुर्तुगाँई में दिख़वार जाएद में --> No translation was found using the current translator. Try another translator?
[2025-09-20 21:38:14] common_voice_hi_25983629.mp3 -> No text to speak
[2025-09-20 22:18:23] common_voice_hi_26007573.mp3 -> No text to speak
[2025-09-21 08:08:03] common_voice_hi_26116145.mp3 -> No text to speak
[2025-09-21 09:03:20] common_voice_hi_26187566.mp3 -> No text to speak
[2025-09-21 09:03:43] common_voice_hi_26187567.mp3 -> No text to speak
[2025-09-21 09:04:04] common_voice_hi_26187568.mp3 -> No text to speak
[2025-09-21 09:04:26] common_voice_hi_26187569.mp3 -> No text to speak
[2025-09-21 09:04:49] common_voice_hi_26187570.mp3 -> No text to speak
[2025-09-21 09:21:27] common_voice_hi_26204080.mp3 -> अमरिकान अप्गानिस्तानियों पर ग्राया गातक बम अप्गान राष्टुपती --> No translation was found using the current translator. Try another translator?
[2025-09-21 09:55:39] common_voice_hi_26254077.mp3 -> चान्ये कुवने हन्पीद को बदिन्दा में चुपाने वाली सुग्टीप कूवने --> No translation was found using the current translator. Try another translator?
[2025-09-21 10:12:29] common_voice_hi_26326627.mp3 -> ('Connection aborted.', RemoteDisconnected('Remote end closed connection without response'))
[2025-09-21 11:14:39] common_voice_hi_26354311.mp3 -> ('Connection aborted.', RemoteDisconnected('Remote end closed connection without response'))
[2025-09-21 13:22:01] common_voice_hi_27005575.mp3 -> Request exception can happen due to an api connection error. Please check your connection and try again
[2025-09-21 13:22:05] common_voice_hi_27005576.mp3 -> Request exception can happen due to an api connection error. Please check your connection and try again
[2025-09-21 13:22:30] common_voice_hi_27005600.mp3 -> Request exception can happen due to an api connection error. Please check your connection and try again
[2025-09-21 13:29:08] common_voice_hi_27096804.mp3 -> No text to send to TTS API
[2025-09-21 13:33:46] common_voice_hi_27146854.mp3 -> No text to speak
[2025-09-21 13:34:22] common_voice_hi_27149957.mp3 -> लाप्तोप्र फीट्बाग लेगी अकिलेश तरकार --> No translation was found using the current translator. Try another translator?
[2025-09-21 13:36:10] common_voice_hi_27291490.mp3 -> No text to speak
[2025-09-21 15:05:17] common_voice_hi_27399515.mp3 -> No text to speak
[2025-09-21 15:05:35] common_voice_hi_27399517.mp3 -> No text to speak
[2025-09-21 15:14:52] common_voice_hi_27408017.mp3 -> अद्यापकों के खिलाग पुगर प्रगरेशन में पुलिस ने चाट्रों पर बरसाई लाठ्टिया --> No translation was found using the current translator. Try another translator?
[2025-09-21 16:04:40] common_voice_hi_27466128.mp3 -> No text to speak
[2025-09-21 19:02:30] common_voice_hi_27592143.mp3 -> ('Connection aborted.', RemoteDisconnected('Remote end closed connection without response'))
[2025-09-21 19:41:35] common_voice_hi_27718932.mp3 -> No text to speak
[2025-09-21 19:45:51] common_voice_hi_27719035.mp3 -> No text to speak
[2025-09-21 19:46:30] common_voice_hi_27719038.mp3 -> No text to speak
[2025-09-21 19:46:56] common_voice_hi_27719039.mp3 -> No text to speak
[2025-09-21 19:48:50] common_voice_hi_27719083.mp3 -> No text to speak
[2025-09-21 19:54:41] common_voice_hi_27719145.mp3 -> ('Connection aborted.', RemoteDisconnected('Remote end closed connection without response'))
[2025-09-21 19:57:13] common_voice_hi_27719213.mp3 -> No text to speak
[2025-09-21 19:58:26] common_voice_hi_27719268.mp3 -> No text to speak
[2025-09-21 20:01:17] common_voice_hi_27719380.mp3 -> No text to speak
[2025-09-21 20:03:37] common_voice_hi_27719465.mp3 -> No text to speak
[2025-09-21 20:33:36] common_voice_hi_27761225.mp3 -> ('Connection aborted.', RemoteDisconnected('Remote end closed connection without response'))
[2025-09-21 20:34:46] common_voice_hi_27761226.mp3 -> Failed to connect. Probable cause: Unknown
[2025-09-21 20:43:20] common_voice_hi_27761268.mp3 -> Failed to connect. Probable cause: Unknown
[2025-09-21 20:48:00] common_voice_hi_27761510.mp3 -> ('Connection aborted.', RemoteDisconnected('Remote end closed connection without response'))
[2025-09-21 20:50:27] common_voice_hi_27761516.mp3 -> ('Connection aborted.', RemoteDisconnected('Remote end closed connection without response'))
[2025-09-21 21:14:10] common_voice_hi_27843794.mp3 -> राश्ट्र्या मुस्लिम मच्ने काहा जान्वर की नक्दे कुर्बानी के काटकर मनाये बक्री इद --> No translation was found using the current translator. Try another translator?
[2025-09-21 21:14:47] common_voice_hi_27843806.mp3 -> तेश सीटीज में पाकेस्तान लें किया इंगलेंग का सुप्रा साफ --> No translation was found using the current translator. Try another translator?
[2025-09-21 21:14:52] common_voice_hi_27843813.mp3 -> रोटी कपडा वर मकान से प्रेरिथ है के ल्पीटी काशीर शव --> No translation was found using the current translator. Try another translator?
[2025-09-21 21:15:19] common_voice_hi_27843817.mp3 -> वेश्विक गरीभी सुची में बारत को पहला स्थान रिपोड --> No translation was found using the current translator. Try another translator?
[2025-09-21 21:15:24] common_voice_hi_27843825.mp3 -> पूलिस ने मारा गर पर शापा सुमनत भर्टी नहीं मिले तलाज जारी --> No translation was found using the current translator. Try another translator?
[2025-09-21 21:29:54] common_voice_hi_27860265.mp3 -> का ghost girlfriend naashç man of nathasha --> No translation was found using the current translator. Try another translator?
[2025-09-21 23:08:43] common_voice_hi_29777340.mp3 -> No text to speak
[2025-09-21 23:09:18] common_voice_hi_29777449.mp3 -> कुई भी मेरे देश की तारीव नहीं करना चाता ता --> No translation was found using the current translator. Try another translator?
[2025-09-21 23:09:41] common_voice_hi_29777453.mp3 -> चिरनजीवी ने लाईं तोडी, वोटरो नी किया विरोद. --> No translation was found using the current translator. Try another translator?
[2025-09-21 23:11:09] common_voice_hi_29777917.mp3 -> यूपी विदहान सब अच्णाव लडिंके उमा भारती --> No translation was found using the current translator. Try another translator?
[2025-09-21 23:50:53] common_voice_hi_30588762.mp3 -> No text to speak
[2025-09-22 00:01:45] common_voice_hi_30707794.mp3 -> No text to speak
[2025-09-22 00:10:31] common_voice_hi_31620751.mp3 -> No text to speak
[2025-09-22 00:26:50] common_voice_hi_32147098.mp3 -> No text to speak
[2025-09-22 00:27:24] common_voice_hi_32147099.mp3 -> No text to speak
[2025-09-22 00:57:09] common_voice_hi_32957435.mp3 -> No text to speak
[2025-09-22 01:01:38] common_voice_hi_33417021.mp3 -> No text to speak
[2025-09-22 02:00:13] common_voice_hi_36852022.mp3 -> No text to speak
[2025-09-22 02:07:23] common_voice_hi_37186725.mp3 -> No text to speak
[2025-09-22 08:09:12] common_voice_hi_37448142.mp3 -> No text to speak
[2025-09-22 08:09:16] common_voice_hi_37456190.mp3 -> HTTPSConnectionPool(host='translate.google.com', port=443): Max retries exceeded with url: /m?tl=mr&sl=hi&q=%E0%A4%A6%E0%A4%BF%E0%A4%B2%E0%A5%8D%E0%A4%B2%E0%A5%80+%E0%A4%86%E0%A4%88%E0%A4%95%E0%A5%8B%E0%A4%9F%E0%A5%8D%E0%A4%AE%E0%A4%A8+%E0%A4%85%E0%A4%AA%E0%A4%B0%E0%A5%80+%E0%A4%AA%E0%A4%BE%E0%A4%A8%E0%A5%87+%E0%A4%95%E0%A4%BE+%E0%A4%AE%E0%A5%81%E0%A4%96%E0%A4%BE (Caused by NameResolutionError("<urllib3.connection.HTTPSConnection object at 0x000001799809D990>: Failed to resolve 'translate.google.com' ([Errno 11001] getaddrinfo failed)"))
[2025-09-22 08:09:19] common_voice_hi_37456191.mp3 -> HTTPSConnectionPool(host='translate.google.com', port=443): Max retries exceeded with url: /m?tl=mr&sl=hi&q=%E0%A4%A4%E0%A5%8B+%E0%A4%95%E0%A5%8D%E0%A4%AF%E0%A4%BE%E0%A4%A8+%E0%A4%A8%E0%A4%AB%E0%A4%B2%E0%A5%80+%E0%A4%8F%E0%A4%AD%E0%A5%80%E0%A4%B0+%E0%A4%97%E0%A5%8D%E0%A4%B0%E0%A4%BF%E0%A4%B2%E0%A5%8D%E0%A4%B8+%E0%A4%95%E0%A4%BE+%E0%A4%B8%E0%A5%8B+%E0%A4%AE%E0%A5%87%E0%A4%82+%E0%A4%AA%E0%A5%8B%E0%A4%B8%E0%A5%87+%E0%A4%9C%E0%A4%BE%E0%A4%8F%E0%A4%A1%E0%A4%BC%E0%A4%BE (Caused by NameResolutionError("<urllib3.connection.HTTPSConnection object at 0x000001799809DF60>: Failed to resolve 'translate.google.com' ([Errno 11001] getaddrinfo failed)"))
[2025-09-22 09:16:16] common_voice_hi_38112287.mp3 -> No text to speak
[2025-09-22 09:30:49] common_voice_hi_38333561.mp3 -> आदर्श्य सुसाइटी कोरक्षा विबख की जमीन मिलने की चाज कर रही है, CBI. --> No translation was found using the current translator. Try another translator?
[2025-09-22 09:38:18] common_voice_hi_38333604.mp3 -> च्द्तिज बड, नशे पे तली तो उदियो में थाने में किया हंगामा --> No translation was found using the current translator. Try another translator?
[2025-09-22 09:57:00] common_voice_hi_38333792.mp3 -> Failed to connect. Probable cause: Unknown
[2025-09-22 09:58:17] common_voice_hi_38333806.mp3 -> ('Connection aborted.', ConnectionResetError(10054, 'An existing connection was forcibly closed by the remote host', None, 10054, None))
[2025-09-22 09:58:42] common_voice_hi_38333808.mp3 -> ('Connection aborted.', RemoteDisconnected('Remote end closed connection without response'))
[2025-09-22 10:04:00] common_voice_hi_38333811.mp3 -> ('Connection aborted.', ConnectionAbortedError(10053, 'An established connection was aborted by the software in your host machine', None, 10053, None))
[2025-09-22 10:10:33] common_voice_hi_38333889.mp3 -> No text to speak
[2025-09-22 10:14:08] common_voice_hi_38333909.mp3 -> No text to speak
[2025-09-22 10:15:21] common_voice_hi_38333913.mp3 -> No text to speak
[2025-09-22 11:15:25] common_voice_hi_39009071.mp3 -> No text to speak
[2025-09-22 11:15:45] common_voice_hi_39009072.mp3 -> No text to speak
[2025-09-22 11:16:06] common_voice_hi_39009073.mp3 -> No text to speak
[2025-09-22 11:16:24] common_voice_hi_39009074.mp3 -> No text to speak
[2025-09-22 11:16:45] common_voice_hi_39009075.mp3 -> No text to speak
[2025-09-22 11:17:07] common_voice_hi_39009118.mp3 -> No text to speak
[2025-09-22 11:17:26] common_voice_hi_39009122.mp3 -> No text to speak
[2025-09-22 11:17:55] common_voice_hi_39009123.mp3 -> No text to speak
[2025-09-22 11:27:02] common_voice_hi_39589362.mp3 -> ('Connection aborted.', ConnectionAbortedError(10053, 'An established connection was aborted by the software in your host machine', None, 10053, None))
[2025-09-22 11:51:01] common_voice_hi_39589704.mp3 -> No text to send to TTS API
[2025-09-22 11:55:59] common_voice_hi_39594357.mp3 -> HTTPSConnectionPool(host='translate.google.com', port=443): Max retries exceeded with url: /m?tl=mr&sl=hi&q=%E0%A4%85%E0%A4%9A%E0%A5%80%E0%A4%B5%E0%A4%BF%E0%A4%AE%E0%A5%8D%E0%A4%9F+%E0%A4%B8%E0%A5%87+%E0%A4%95%E0%A5%81%E0%A4%B7%E0%A5%8D%E0%A4%A6%E0%A4%BF%E0%A4%AA%E0%A4%BF%E0%A4%95%E0%A4%BE%E0%A4%A8%E0%A5%87+%E0%A4%AA%E0%A4%BE%E0%A4%AA%E0%A4%BE+%E0%A4%95%E0%A5%8B+%E0%A4%A4%E0%A4%BF%E0%A4%AF%E0%A4%BE+%E0%A4%AF%E0%A5%87+%E0%A4%95%E0%A5%80%E0%A4%AE%E0%A4%A4%E0%A5%80+%E0%A4%A4%E0%A5%8B%E0%A4%AB%E0%A4%BE (Caused by SSLError(SSLEOFError(8, 'EOF occurred in violation of protocol (_ssl.c:1007)')))
[2025-09-22 11:56:18] common_voice_hi_39594358.mp3 -> HTTPSConnectionPool(host='translate.google.com', port=443): Max retries exceeded with url: /m?tl=mr&sl=hi&q=%E0%A4%B0%E0%A4%BE%E0%A4%AE%E0%A5%8D%E0%A4%A6%E0%A5%87+%E0%A4%AC%E0%A5%8B%E0%A4%B2%E0%A5%87%2C+%E0%A4%AA%E0%A5%8D%E0%A4%B0%E0%A4%A6%E0%A5%8D%E0%A4%B5%E0%A5%8B+%E0%A4%95%E0%A5%8B%E0%A4%B9%E0%A4%BF%E0%A4%A8%E0%A5%8D%E0%A4%B8%E0%A4%95+%E0%A4%AC%E0%A4%A4%E0%A4%BE+%E0%A4%95%E0%A4%AE%E0%A5%8D%E0%A4%AE%E0%A4%BF%E0%A4%A8%E0%A4%BF%E0%A4%B8%E0%A5%8D%E0%A4%A4%E0%A5%8B+%E0%A4%A8%E0%A5%87+%E0%A4%85%E0%A4%AA%E0%A4%A8%E0%A5%80+%E0%A4%85%E0%A4%82%E0%A4%A4%E0%A5%87%E0%A4%B8%E0%A5%8D%E0%A4%9F%E0%A5%80+%E0%A4%95%E0%A4%BF%E0%A4%A8%E0%A5%8D%E0%A4%A8%E0%A5%80+%E0%A4%B5%E0%A4%A1%E0%A4%BE%E0%A4%B2%E0%A5%80. (Caused by SSLError(SSLEOFError(8, 'EOF occurred in violation of protocol (_ssl.c:1007)')))
[2025-09-22 11:56:27] common_voice_hi_39594359.mp3 -> अभी शेग बच्चन लिख रहे हैं, शिल्म आप्पी नुयर के सिक्वल की स्क्रिप्त. --> No translation was found using the current translator. Try another translator?
[2025-09-22 11:58:59] common_voice_hi_39594797.mp3 -> Failed to connect. Probable cause: Unknown
[2025-09-22 11:59:42] common_voice_hi_39594798.mp3 -> ('Connection aborted.', RemoteDisconnected('Remote end closed connection without response'))
[2025-09-22 12:00:09] common_voice_hi_39594799.mp3 -> HTTPSConnectionPool(host='translate.google.com', port=443): Max retries exceeded with url: /m?tl=mr&sl=hi&q=%E0%A4%97%E0%A4%B0%E0%A5%8D%E0%A4%AB%E0%A5%8D%E0%A4%A4%E0%A4%BE%E0%A4%B0+%E0%A4%AA%E0%A4%A4%E0%A5%8D%E0%A4%A4%E0%A4%B0+%E0%A4%AC%E0%A4%BE%E0%A4%B8%E0%A5%8B%E0%A4%82+%E0%A4%AA%E0%A4%B0+%E0%A4%A8%E0%A4%B0%E0%A4%AE+%E0%A4%AA%E0%A4%A1%E0%A5%80+%E0%A4%AE%E0%A4%B9%E0%A4%B5%E0%A5%8B%E0%A4%AC%E0%A4%BE+%E0%A4%B8%E0%A4%B0%E0%A4%95%E0%A4%BE%E0%A4%B0+%E0%A4%95%E0%A4%B0%E0%A5%87%E0%A4%97%E0%A5%80+%E0%A4%95%E0%A5%87+%E0%A4%87%E0%A4%B8%E0%A4%95%E0%A5%80+%E0%A4%B8%E0%A4%AE%E0%A5%80%E0%A4%96%E0%A5%8D%E0%A4%B7%E0%A4%BE (Caused by SSLError(SSLEOFError(8, 'EOF occurred in violation of protocol (_ssl.c:1007)')))
[2025-09-22 12:00:33] common_voice_hi_39594802.mp3 -> HTTPSConnectionPool(host='translate.google.com', port=443): Max retries exceeded with url: /m?tl=mr&sl=hi&q=%E0%A5%8C%E0%A4%9F%E0%A5%87%E0%A4%9F+%E0%A4%AA%E0%A5%87%E0%A4%AA%E0%A4%B0%E0%A5%8D%E0%A4%B8+%E0%A4%AA%E0%A4%B0+%E0%A4%86%E0%A4%A8%E0%A5%8D%E0%A4%9F%E0%A5%80+%E0%A4%9F%E0%A4%AE%E0%A5%8D%E0%A4%AA%E0%A4%BF%E0%A4%82%E0%A4%9A%E0%A4%BE%E0%A4%B0%E0%A4%9C+%E0%A4%A8%E0%A4%BE+%E0%A4%B2%E0%A4%97%E0%A4%BE%E0%A4%A8%E0%A5%87+%E0%A4%95%E0%A5%80+%E0%A4%96%E0%A5%87%E0%A4%82%E0%A4%A6%E0%A4%B0+%E0%A4%B8%E0%A4%B0%E0%A4%95%E0%A4%BE%E0%A4%B0%E0%A4%9C+%E0%A4%B5%E0%A5%87+%E0%A4%AE%E0%A4%BE%E0%A4%82%E0%A4%97. (Caused by NameResolutionError("<urllib3.connection.HTTPSConnection object at 0x000001799809E320>: Failed to resolve 'translate.google.com' ([Errno 11001] getaddrinfo failed)"))
[2025-09-22 12:00:37] common_voice_hi_39612568.mp3 -> HTTPSConnectionPool(host='translate.google.com', port=443): Max retries exceeded with url: /m?tl=mr&sl=hi&q=%E0%A4%AF%E0%A5%82%E0%A4%AA%E0%A5%80+%E0%A4%AE%E0%A5%87%E0%A4%82+%E0%A4%B8%E0%A5%87+%E0%A4%AE%E0%A4%BF%E0%A4%B2%E0%A5%87%E0%A4%97%E0%A4%BE+%E0%A4%AD%E0%A5%80%E0%A4%9C%E0%A4%B2%E0%A5%80+%E0%A4%AD%E0%A4%BF%E0%A4%B2 (Caused by NameResolutionError("<urllib3.connection.HTTPSConnection object at 0x000001799809E980>: Failed to resolve 'translate.google.com' ([Errno 11001] getaddrinfo failed)"))
[2025-09-22 12:00:43] common_voice_hi_39612569.mp3 -> HTTPSConnectionPool(host='translate.google.com', port=443): Max retries exceeded with url: /m?tl=mr&sl=hi&q=%E0%A4%AE%E0%A4%BE%E0%A4%9C%E0%A5%80+%E0%A4%B8%E0%A4%B0%E0%A5%8D%E0%A4%95%E0%A4%BE%E0%A4%B0+%E0%A4%B8%E0%A5%87+%E0%A4%AE%E0%A4%BF%E0%A4%B2%E0%A5%80+%E0%A4%B8%E0%A5%81%E0%A4%B5%E0%A4%BF%E0%A4%A6%E0%A4%BE+%E0%A4%B2%E0%A5%87%E0%A4%A8%E0%A5%87+%E0%A4%B8%E0%A5%87+%E0%A4%A8%E0%A4%BF%E0%A4%A4%E0%A4%BF%E0%A4%B5%E0%A5%8D%E0%A4%B7+%E0%A4%95%E0%A4%BE%E0%A4%88%E0%A4%82%E0%A4%96%E0%A4%BE%E0%A4%B0 (Caused by NameResolutionError("<urllib3.connection.HTTPSConnection object at 0x000001799809EB00>: Failed to resolve 'translate.google.com' ([Errno 11001] getaddrinfo failed)"))
[2025-09-22 12:00:49] common_voice_hi_39612570.mp3 -> HTTPSConnectionPool(host='translate.google.com', port=443): Max retries exceeded with url: /m?tl=mr&sl=hi&q=%E0%A4%AA%E0%A4%A8%E0%A5%8D%E0%A4%9C%E0%A4%AC+%E0%A4%A6%E0%A5%8B%E0%A4%B0%E0%A5%87+%E0%A4%95%E0%A5%87+%E0%A4%85%E0%A4%95%E0%A5%8D%E0%A4%A1%E0%A4%BF%E0%A4%A6%E0%A4%BF%E0%A4%A8+%E0%A4%AE%E0%A4%9C%E0%A5%80%E0%A4%A4%E0%A4%BE+%E0%A4%AA%E0%A4%A4%E0%A4%BE+%E0%A4%B0%E0%A4%BE%E0%A4%B2%E0%A5%80+%E0%A4%95%E0%A4%B0%E0%A5%87%E0%A4%82%E0%A4%97%E0%A5%87+%E0%A4%95%E0%A5%87%E0%A4%9C%E0%A5%8D%E0%A4%B0%E0%A5%80%E0%A4%B5%E0%A4%BE%E0%A4%B2 (Caused by NameResolutionError("<urllib3.connection.HTTPSConnection object at 0x000001799809DC00>: Failed to resolve 'translate.google.com' ([Errno 11001] getaddrinfo failed)"))
[2025-09-22 12:00:53] common_voice_hi_39612572.mp3 -> HTTPSConnectionPool(host='translate.google.com', port=443): Max retries exceeded with url: /m?tl=mr&sl=hi&q=%E0%A4%B5%E0%A4%A1%E0%A4%B5%E0%A4%BE%E0%A4%AF%E0%A4%BE%E0%A4%82+%E0%A4%95%E0%A4%B0%E0%A4%BF%E0%A4%A4%E0%A4%BE+%E0%A4%B9%E0%A5%88 (Caused by NameResolutionError("<urllib3.connection.HTTPSConnection object at 0x000001799809F2B0>: Failed to resolve 'translate.google.com' ([Errno 11001] getaddrinfo failed)"))
[2025-09-22 12:00:59] common_voice_hi_39612573.mp3 -> HTTPSConnectionPool(host='translate.google.com', port=443): Max retries exceeded with url: /m?tl=mr&sl=hi&q=%E0%A4%A4%E0%A5%8B+%E0%A4%AB%E0%A4%B0%E0%A5%8D%E0%A4%B5%E0%A4%B0%E0%A5%80%E0%A4%AF%E0%A4%BE+%E0%A4%89%E0%A4%B8%E0%A5%87+%E0%A4%AA%E0%A4%B9%E0%A4%B2%E0%A5%87+%E0%A4%AC%E0%A4%9C%E0%A5%8D%E0%A4%A7+%E0%A4%AA%E0%A5%87%E0%A4%B6+%E0%A4%95%E0%A4%B0%E0%A4%A8%E0%A4%BE+%E0%A4%9A%E0%A4%BE%E0%A4%B9%E0%A4%A4%E0%A5%80+%E0%A4%B9%E0%A5%88%2C+%E0%A4%B8%E0%A4%B0%E0%A4%95%E0%A4%BE%E0%A4%B0. (Caused by NameResolutionError("<urllib3.connection.HTTPSConnection object at 0x000001799809E0E0>: Failed to resolve 'translate.google.com' ([Errno 11001] getaddrinfo failed)"))
[2025-09-22 12:01:06] common_voice_hi_39612604.mp3 -> HTTPSConnectionPool(host='translate.google.com', port=443): Max retries exceeded with url: /m?tl=mr&sl=hi&q=%E0%A4%A8%E0%A4%95%E0%A5%8D%E0%A4%B8%E0%A4%B2+%E0%A4%AA%E0%A5%8D%E0%A4%B0%E0%A4%AD%E0%A4%BE%E0%A4%B5%E0%A5%87%E0%A4%96+%E0%A4%B6%E0%A5%87%E0%A4%A4%E0%A5%8D%E0%A4%B0%E0%A5%8B%E0%A4%82+%E0%A4%95%E0%A5%80+%E0%A4%85%E0%A4%AA%E0%A5%87%E0%A4%95%E0%A5%8D%E0%A4%B7%E0%A4%BE+%E0%A4%B8%E0%A5%8D%E0%A4%B0%E0%A5%80%E0%A4%A8%E0%A4%97%E0%A4%B0+%E0%A4%AE%E0%A5%87%E0%A4%82+%E0%A4%97%E0%A5%82%E0%A4%AE%E0%A4%A8%E0%A4%BE+%E0%A4%86%E0%A4%B8%E0%A4%BE%E0%A4%A8+%E0%A4%AA%E0%A5%8D%E0%A4%B0%E0%A4%AE%E0%A5%87%E0%A4%B6 (Caused by NameResolutionError("<urllib3.connection.HTTPSConnection object at 0x000001799809DAE0>: Failed to resolve 'translate.google.com' ([Errno 11001] getaddrinfo failed)"))
[2025-09-22 12:01:11] common_voice_hi_39612605.mp3 -> HTTPSConnectionPool(host='translate.google.com', port=443): Max retries exceeded with url: /m?tl=mr&sl=hi&q=%E0%A4%AC%E0%A4%B9%E0%A4%A4%E0%A5%8D%E0%A4%B0%E0%A4%BF%E0%A4%82%E0%A4%97+%E0%A4%B6%E0%A4%B9%E0%A4%B0+%E0%A4%A4%E0%A4%95%E0%A5%8D%E0%A4%95%E0%A4%B0+%E0%A4%A6%E0%A5%87%E0%A4%A8%E0%A5%87+%E0%A4%95%E0%A5%8B+%E0%A4%A4%E0%A5%88%E0%A4%AF%E0%A4%BE%E0%A4%B0+%E0%A4%AB%E0%A4%B0%E0%A4%BF%E0%A4%A6%E0%A4%B5%E0%A4%BE%E0%A4%A6 (Caused by NameResolutionError("<urllib3.connection.HTTPSConnection object at 0x000001799809E110>: Failed to resolve 'translate.google.com' ([Errno 11001] getaddrinfo failed)"))
[2025-09-22 12:01:16] common_voice_hi_39612606.mp3 -> HTTPSConnectionPool(host='translate.google.com', port=443): Max retries exceeded with url: /m?tl=mr&sl=hi&q=%E0%A4%B8%E0%A4%BE%E0%A4%AE%E0%A4%BF%E0%A4%95%E0%A5%8B+%E0%A4%A4%E0%A5%8B+%E0%A4%B2%E0%A5%87%E0%A4%B2%E0%A4%BE+%E0%A4%95%E0%A4%BE+%E0%A4%AA%E0%A5%81%E0%A4%B0%E0%A4%BE+%E0%A4%A8%E0%A4%BE%E0%A4%AE+%E0%A4%A4%E0%A4%95+%E0%A4%A8%E0%A4%B9%E0%A5%80%E0%A4%82+%E0%A4%AA%E0%A4%A4%E0%A4%BE (Caused by NameResolutionError("<urllib3.connection.HTTPSConnection object at 0x000001799809F250>: Failed to resolve 'translate.google.com' ([Errno 11001] getaddrinfo failed)"))
[2025-09-22 12:01:22] common_voice_hi_39612607.mp3 -> HTTPSConnectionPool(host='translate.google.com', port=443): Max retries exceeded with url: /m?tl=mr&sl=hi&q=%E0%A4%B0%E0%A5%80%E0%A4%B6%E0%A5%87%E0%A4%B6%E0%A5%80+%E0%A4%95%E0%A5%80+%E0%A4%A6%E0%A5%8B%E0%A4%A8%E0%A5%80+%E0%A4%95%E0%A5%8B+%E0%A4%B8%E0%A4%B2%E0%A4%BE+%E0%A4%B6%E0%A4%BF%E0%A4%95%E0%A4%BE%E0%A4%B5%E0%A4%BF%E0%A4%A6+%E0%A4%95%E0%A4%B0%E0%A4%A8%E0%A5%87+%E0%A4%B8%E0%A5%87+%E0%A4%AA%E0%A4%B9%E0%A4%B2%E0%A5%87+%E0%A4%A8%E0%A4%BF%E0%A4%AF%E0%A4%AE+%E0%A4%A6%E0%A5%87%E0%A4%96%E0%A5%8B (Caused by NameResolutionError("<urllib3.connection.HTTPSConnection object at 0x000001799809E230>: Failed to resolve 'translate.google.com' ([Errno 11001] getaddrinfo failed)"))
[2025-09-22 12:01:28] common_voice_hi_39612608.mp3 -> HTTPSConnectionPool(host='translate.google.com', port=443): Max retries exceeded with url: /m?tl=mr&sl=hi&q=%E0%A4%AB%E0%A4%BF%E0%A4%B2%E0%A4%AE+%E0%A4%A6%E0%A5%8B%E0%A4%AC%E0%A5%80+%E0%A4%97%E0%A4%BE%E0%A4%9F+%E0%A4%AE%E0%A5%81%E0%A4%AE%E0%A4%AD%E0%A4%BE%E0%A4%88+%E0%A4%95%E0%A5%87+%E0%A4%B2%E0%A5%8B%E0%A4%97%E0%A5%8B%E0%A4%82+%E0%A4%95%E0%A5%80+%E0%A4%95%E0%A4%B9%E0%A4%BE%E0%A4%A8%E0%A5%80+%E0%A4%95%E0%A5%87%E0%A4%B0%E0%A4%A8+%E0%A4%AA%E0%A5%8D%E0%A4%B0%E0%A4%BE%E0%A4%B5 (Caused by NameResolutionError("<urllib3.connection.HTTPSConnection object at 0x000001799809F7C0>: Failed to resolve 'translate.google.com' ([Errno 11001] getaddrinfo failed)"))
[2025-09-22 12:01:32] common_voice_hi_39730386.mp3 -> HTTPSConnectionPool(host='translate.google.com', port=443): Max retries exceeded with url: /m?tl=mr&sl=hi&q=%E0%A4%AC%E0%A4%9A%E0%A5%8D%E0%A4%9A%E0%A5%8B%E0%A4%82+%E0%A4%95%E0%A5%8B+%E0%A4%B2%E0%A4%BE%E0%A4%93 (Caused by NameResolutionError("<urllib3.connection.HTTPSConnection object at 0x000001799809CA90>: Failed to resolve 'translate.google.com' ([Errno 11001] getaddrinfo failed)"))
[2025-09-22 12:01:38] common_voice_hi_39730387.mp3 -> HTTPSConnectionPool(host='translate.google.com', port=443): Max retries exceeded with url: /m?tl=mr&sl=hi&q=%E0%A4%B8%E0%A4%B0%E0%A5%8D%E0%A4%B5%E0%A4%A6%E0%A4%B2%E0%A5%80+%E0%A4%AF%E0%A4%BE+%E0%A4%AC%E0%A5%88%E0%A4%9F%E0%A5%8D%E0%A4%96+%E0%A4%B8%E0%A5%87+%E0%A4%B2%E0%A4%97%E0%A4%B0%E0%A4%B9%E0%A5%80+%E0%A4%AA%E0%A5%80%E0%A4%A1%E0%A5%80+%E0%A4%AA%E0%A5%80+%E0%A4%95%E0%A5%81%E0%A4%81%E0%A4%81%E0%A4%97%E0%A4%B0%E0%A5%87%E0%A4%B8+%E0%A4%A8%E0%A4%BE%E0%A4%B0%E0%A4%BE%E0%A4%9C (Caused by NameResolutionError("<urllib3.connection.HTTPSConnection object at 0x000001799809DAB0>: Failed to resolve 'translate.google.com' ([Errno 11001] getaddrinfo failed)"))
[2025-09-22 12:50:14] common_voice_hi_40330305.mp3 -> No text to speak
[2025-09-22 12:52:21] common_voice_hi_40330322.mp3 -> No text to speak
[2025-09-22 13:18:46] common_voice_hi_40542764.mp3 -> No text to speak
[2025-09-22 13:19:08] common_voice_hi_40542765.mp3 -> No text to speak
[2025-09-22 13:19:32] common_voice_hi_40542766.mp3 -> No text to speak
[2025-09-22 13:20:00] common_voice_hi_40542767.mp3 -> No text to speak
[2025-09-22 13:20:24] common_voice_hi_40542768.mp3 -> No text to speak
[2025-09-22 13:24:30] common_voice_hi_40878358.mp3 -> No text to speak
[2025-09-22 13:27:02] common_voice_hi_40888548.mp3 -> No text to speak
[2025-09-22 13:53:54] common_voice_hi_41115969.mp3 -> No text to speak
[2025-09-22 14:39:58] common_voice_hi_41228332.mp3 -> ('Connection aborted.', RemoteDisconnected('Remote end closed connection without response'))
[2025-09-22 14:43:28] common_voice_hi_41228410.mp3 -> ('Connection aborted.', RemoteDisconnected('Remote end closed connection without response'))
[2025-09-22 14:43:43] common_voice_hi_41228411.mp3 -> HTTPSConnectionPool(host='translate.google.com', port=443): Max retries exceeded with url: /m?tl=mr&sl=hi&q=%E0%A4%B0%E0%A4%A4%E0%A5%8D%E0%A4%AF%E0%A4%BE%E0%A4%A4%E0%A5%8D%E0%A4%B0%E0%A4%AA%E0%A4%B0+%E0%A4%96%E0%A5%81%E0%A4%A6%E0%A4%95%E0%A5%8B+%E0%A4%A8%E0%A4%BF%E0%A4%A6%E0%A5%82%E0%A4%B6+%E0%A4%AE%E0%A4%BE%E0%A4%A8%E0%A4%A4%E0%A5%87+%E0%A4%B9%E0%A5%88+%E0%A4%86%E0%A4%A6%E0%A4%B5%E0%A4%BE%E0%A4%A8%E0%A5%80 (Caused by NameResolutionError("<urllib3.connection.HTTPSConnection object at 0x000001799809FC70>: Failed to resolve 'translate.google.com' ([Errno 11001] getaddrinfo failed)"))
[2025-09-22 14:43:58] common_voice_hi_41228412.mp3 -> HTTPSConnectionPool(host='translate.google.com', port=443): Max retries exceeded with url: /m?tl=mr&sl=hi&q=%E0%A4%AE%E0%A5%88%E0%A4%82+%E0%A4%85%E0%A4%AA%E0%A4%A8%E0%A5%80+%E0%A4%86%E0%A4%AF+%E0%A4%A8%E0%A4%B9%E0%A5%80%E0%A4%82+%E0%A4%9A%E0%A4%BF%E0%A4%AA%E0%A4%BE%E0%A4%88+%E0%A4%AA%E0%A5%8D%E0%A4%B0%E0%A4%BF%E0%A4%AF%E0%A4%82%E0%A4%95%E0%A4%BE+%E0%A4%9A%E0%A5%82%E0%A4%AA%E0%A5%8D%E0%A4%B0%E0%A4%BE (Caused by NameResolutionError("<urllib3.connection.HTTPSConnection object at 0x000001799809D540>: Failed to resolve 'translate.google.com' ([Errno 11001] getaddrinfo failed)"))
[2025-09-22 14:44:02] common_voice_hi_41228426.mp3 -> HTTPSConnectionPool(host='translate.google.com', port=443): Max retries exceeded with url: /m?tl=mr&sl=hi&q=%E0%A4%B0%E0%A5%82%E0%A4%B6%E0%A5%8D%E0%A4%A6%E0%A5%80+%E0%A4%95%E0%A4%BE+%E0%A4%A6%E0%A4%BF%E0%A4%B2%E0%A5%8D%E0%A4%A1%E0%A5%80+%E0%A4%AE%E0%A5%87%E0%A4%82+%E0%A4%B8%E0%A5%8D%E0%A4%B5%E0%A4%BE%E0%A4%97%E0%A4%A4+%E0%A4%B9%E0%A5%88%2C+%E0%A4%B6%E0%A5%80%E0%A4%B2%E0%A4%BE+%E0%A4%A6%E0%A4%BF%E0%A4%95%E0%A5%8D%E0%A4%B7%E0%A4%BF%E0%A4%A5. (Caused by NameResolutionError("<urllib3.connection.HTTPSConnection object at 0x000001799809F670>: Failed to resolve 'translate.google.com' ([Errno 11001] getaddrinfo failed)"))
[2025-09-22 14:44:06] common_voice_hi_41228431.mp3 -> HTTPSConnectionPool(host='translate.google.com', port=443): Max retries exceeded with url: /m?tl=mr&sl=hi&q=%E0%A4%86%E0%A4%9C%E0%A4%BE%E0%A4%9C+%E0%A4%AA%E0%A4%B0+BJP+%E0%A4%95%E0%A4%BE+%E0%A4%AA%E0%A4%B2%E0%A4%9F%E0%A5%8D%E0%A4%B5%E0%A4%BE%E0%A4%B0+%E0%A4%95%E0%A4%B9%E0%A4%BE+%E0%A4%AA%E0%A4%BE%E0%A4%95%E0%A5%8D%E0%A4%B6%E0%A5%8D%E0%A4%A4%E0%A4%BE%E0%A4%A8+%E0%A4%95%E0%A5%80+%E0%A4%AC%E0%A4%BE%E0%A4%B6%E0%A4%BE+%E0%A4%AC%E0%A5%8B%E0%A4%B2%E0%A5%8D%E0%A4%A1+%E0%A4%B0%E0%A4%B9%E0%A5%80+%E0%A4%B9%E0%A5%88%2C+%E0%A4%95%E0%A5%81%E0%A4%82%E0%A4%97%E0%A4%B0%E0%A5%87%E0%A4%B8. (Caused by NameResolutionError("<urllib3.connection.HTTPSConnection object at 0x000001799809E7A0>: Failed to resolve 'translate.google.com' ([Errno 11001] getaddrinfo failed)"))
[2025-09-22 14:44:10] common_voice_hi_41228433.mp3 -> HTTPSConnectionPool(host='translate.google.com', port=443): Max retries exceeded with url: /m?tl=mr&sl=hi&q=%E0%A4%A6%E0%A5%80%E0%A4%AA%E0%A4%BF%E0%A4%95%E0%A4%BE+%E0%A4%95%E0%A5%80+%E0%A4%85%E0%A4%97%E0%A5%81%E0%A4%B5%E0%A4%BE%E0%A4%88+%E0%A4%AE%E0%A5%87%E0%A4%82+%E0%A4%B2%E0%A4%A8%E0%A5%8D%E0%A4%A6%E0%A4%A8+%E0%A4%A6%E0%A5%8D%E0%A4%B0%E0%A5%80%E0%A4%AE+%E0%A4%AA%E0%A5%82%E0%A4%B0%E0%A4%BE+%E0%A4%95%E0%A4%B0%E0%A4%A8%E0%A5%87+%E0%A4%89%E0%A4%A4%E0%A5%8D%E0%A4%B0%E0%A5%87%E0%A4%97%E0%A5%80+%E0%A4%AD%E0%A4%BE%E0%A4%B0%E0%A4%A4%E0%A4%BF%E0%A4%AF%E0%A5%87+%E0%A4%A6%E0%A4%BF%E0%A4%B0%E0%A4%A8+%E0%A4%A1%E0%A4%BE%E0%A4%97%E0%A5%80+%E0%A4%A4%E0%A5%80%E0%A4%AE (Caused by NameResolutionError("<urllib3.connection.HTTPSConnection object at 0x000001799809F490>: Failed to resolve 'translate.google.com' ([Errno 11001] getaddrinfo failed)"))
[2025-09-22 14:44:24] common_voice_hi_41228434.mp3 -> HTTPSConnectionPool(host='translate.google.com', port=443): Max retries exceeded with url: /m?tl=mr&sl=hi&q=%E0%A4%9C%E0%A4%AC+%E0%A4%A4%E0%A4%95+%E0%A4%9C%E0%A5%80%E0%A4%B5%E0%A4%A8+%E0%A4%B9%E0%A5%88+%E0%A4%86%E0%A4%B6%E0%A4%BE+%E0%A4%B9%E0%A5%88 (Caused by NameResolutionError("<urllib3.connection.HTTPSConnection object at 0x000001799809EFE0>: Failed to resolve 'translate.google.com' ([Errno 11001] getaddrinfo failed)"))
[2025-09-22 14:44:27] common_voice_hi_41228435.mp3 -> HTTPSConnectionPool(host='translate.google.com', port=443): Max retries exceeded with url: /m?tl=mr&sl=hi&q=%E0%A4%96%E0%A5%81%E0%A4%A8+%E0%A4%A4%E0%A4%BE (Caused by NameResolutionError("<urllib3.connection.HTTPSConnection object at 0x000001799809E0B0>: Failed to resolve 'translate.google.com' ([Errno 11001] getaddrinfo failed)"))
[2025-09-22 14:44:36] common_voice_hi_41228463.mp3 -> HTTPSConnectionPool(host='translate.google.com', port=443): Max retries exceeded with url: /m?tl=mr&sl=hi&q=%E0%A4%87%E0%A4%B0%E0%A4%BE%E0%A4%B6%E0%A4%A4+%E0%A4%AE%E0%A5%88%E0%A4%82+%E0%A4%AE%E0%A5%81%E0%A4%A6%2C+%E0%A4%96%E0%A4%BE%E0%A4%95%E0%A4%BF+%E0%A4%B5%E0%A4%B0%E0%A5%8D%E0%A4%A6%E0%A5%80+%E0%A4%AE%E0%A5%87%E0%A4%82+%E0%A4%B9%E0%A4%A6%E0%A5%8D%E0%A4%A4%E0%A4%BE%E0%A4%B0%E0%A5%87+%E0%A4%B9%E0%A5%88%2C+%E0%A4%AA%E0%A5%82%E0%A4%B2%E0%A5%80+%E0%A4%B8%E0%A5%81%E0%A4%86%E0%A4%B2%E0%A5%80 (Caused by NameResolutionError("<urllib3.connection.HTTPSConnection object at 0x000001799809FB50>: Failed to resolve 'translate.google.com' ([Errno 11001] getaddrinfo failed)"))
[2025-09-22 14:44:50] common_voice_hi_41228464.mp3 -> HTTPSConnectionPool(host='translate.google.com', port=443): Max retries exceeded with url: /m?tl=mr&sl=hi&q=%E0%A4%9C%E0%A4%A8%E0%A5%8D%E0%A4%A6%E0%A4%BF%E0%A4%A8+%E0%A4%AD%E0%A4%BF%E0%A4%B6%E0%A5%87%E0%A4%B6+%E0%A4%AA%E0%A5%8D%E0%A4%B0%E0%A4%B9%E0%A4%BE%E0%A4%96%E0%A4%BE%E0%A4%B0%E0%A5%8D%E0%A4%B6%E0%A5%8D%E0%A4%9F%E0%A5%8D%E0%A4%B0%E0%A5%80+%E0%A4%8F%E0%A4%95+%E0%A4%95%E0%A4%B5%E0%A4%BF%E0%A4%A4%E0%A4%BE%E0%A4%A8%E0%A5%87+%E0%A4%AC%E0%A4%A6%E0%A4%B2+%E0%A4%A6%E0%A5%87+%E0%A4%9C%E0%A4%BF%E0%A4%A8%E0%A5%8D%E0%A4%97%E0%A4%BE%E0%A4%9C%E0%A5%80%E0%A4%B5%E0%A4%A8 (Caused by SSLError(SSLEOFError(8, 'EOF occurred in violation of protocol (_ssl.c:1007)')))
[2025-09-22 14:45:15] common_voice_hi_41228465.mp3 -> HTTPSConnectionPool(host='translate.google.com', port=443): Max retries exceeded with url: /m?tl=mr&sl=hi&q=%E0%A4%B6%E0%A4%B0%E0%A5%8D%E0%A4%95%E0%A5%8B%E0%A4%9C%E0%A5%80+%E0%A4%A8%E0%A5%87+%E0%A4%8F%E0%A4%B0%E0%A4%BE%E0%A4%A8+%E0%A4%95%E0%A5%87+%E0%A4%9A%E0%A4%BF%E0%A4%A8%E0%A4%BE%E0%A4%B5+%E0%A4%95%E0%A5%8B+%E0%A4%A6%E0%A5%82%E0%A4%96%E0%A4%BE+%E0%A4%B5%E0%A4%A4%E0%A4%BE%E0%A4%AF%E0%A4%BE (Caused by SSLError(SSLEOFError(8, 'EOF occurred in violation of protocol (_ssl.c:1007)')))
[2025-09-22 14:53:02] common_voice_hi_41228878.mp3 -> चट्तेश गडचना दर्म तटरी में थोडे अन्तर से हारे गुर मुख सें --> No translation was found using the current translator. Try another translator?
[2025-09-22 14:53:56] common_voice_hi_41228909.mp3 -> ('Connection aborted.', RemoteDisconnected('Remote end closed connection without response'))
[2025-09-22 14:55:08] common_voice_hi_41228923.mp3 -> HTTPSConnectionPool(host='translate.google.com', port=443): Max retries exceeded with url: /m?tl=mr&sl=hi&q=%E0%A4%97%E0%A5%8B%E0%A4%B5%E0%A4%BE+%E0%A4%AE%E0%A5%87%E0%A4%82+%E0%A4%95%E0%A4%B2%E0%A5%80+%E0%A4%B8%E0%A5%8D%E0%A4%B0%E0%A4%95%E0%A5%8D%E0%A4%B7%E0%A4%BE+%E0%A4%95%E0%A5%87+%E0%A4%AC%E0%A5%80%E0%A4%9C+%E0%A4%AE%E0%A4%A8%E0%A4%BE%E0%A4%AF+%E0%A4%9C%E0%A4%BE%E0%A4%B0%E0%A4%B9%E0%A4%BE+%E0%A4%B9%E0%A5%88%2C+%E0%A4%95%E0%A5%8D%E0%A4%B0%E0%A4%BF%E0%A4%B8%E0%A4%AE%E0%A4%B8+%E0%A4%B8%E0%A4%AE%E0%A4%BE%E0%A4%B0%E0%A5%8B (Caused by NameResolutionError("<urllib3.connection.HTTPSConnection object at 0x000001799809CCD0>: Failed to resolve 'translate.google.com' ([Errno 11001] getaddrinfo failed)"))
[2025-09-22 14:55:22] common_voice_hi_41228926.mp3 -> ('Connection aborted.', RemoteDisconnected('Remote end closed connection without response'))
[2025-09-22 14:55:37] common_voice_hi_41228927.mp3 -> HTTPSConnectionPool(host='translate.google.com', port=443): Max retries exceeded with url: /m?tl=mr&sl=hi&q=%E0%A4%85%E0%A4%A8%E0%A5%8D%E0%A4%A8%E0%A4%BE+%E0%A4%B9%E0%A4%9C%E0%A4%BE%E0%A4%B0%E0%A5%87+%E0%A4%A8%E0%A5%87+%E0%A4%95%E0%A5%80+%E0%A4%A8%E0%A5%87+%E0%A4%AA%E0%A5%8D%E0%A4%B2%E0%A5%8B%E0%A4%97+%E0%A4%95%E0%A5%80+%E0%A4%B8%E0%A5%81%E0%A4%B0%E0%A5%8D%E0%A4%B5%E0%A4%BE%E0%A4%A4 (Caused by SSLError(SSLEOFError(8, 'EOF occurred in violation of protocol (_ssl.c:1007)')))
[2025-09-22 14:55:51] common_voice_hi_41228929.mp3 -> HTTPSConnectionPool(host='translate.google.com', port=443): Max retries exceeded with url: /m?tl=mr&sl=hi&q=%E0%A4%B5%E0%A4%B9+%E0%A4%AC%E0%A4%BF%E0%A4%B2%E0%A5%8D%E0%A4%B2%E0%A5%80+%E0%A4%AA%E0%A5%87%E0%A4%A1+%E0%A4%AA%E0%A4%B0+%E0%A4%85%E0%A4%9F%E0%A4%95+%E0%A4%97%E0%A4%B0%E0%A5%80+%E0%A4%B9%E0%A5%88 (Caused by SSLError(SSLEOFError(8, 'EOF occurred in violation of protocol (_ssl.c:1007)')))
[2025-09-22 14:56:50] common_voice_hi_41228933.mp3 -> HTTPSConnectionPool(host='translate.google.com', port=443): Max retries exceeded with url: /m?tl=mr&sl=hi&q=%E0%A4%85%E0%A4%AA+%E0%A4%AA%E0%A4%BF%E0%A4%95%E0%A5%8D%E0%A4%B8%E0%A4%BF%E0%A4%82%E0%A4%97+%E0%A4%AA%E0%A4%B0+%E0%A4%87%E0%A4%B8+%E0%A4%AD%E0%A4%9C%E0%A4%BE+%E0%A4%B8%E0%A5%87+%E0%A4%96%E0%A4%B5%E0%A4%BE%E0%A4%AE%E0%A5%8B%E0%A4%9C+%E0%A4%B9%E0%A5%88%2C+%E0%A4%AE%E0%A4%B9%E0%A5%88%E0%A4%82%E0%A4%9C%E0%A5%8D%E0%A4%B8%E0%A4%BF%E0%A4%82%E0%A4%97+%E0%A4%A7%E0%A5%82%E0%A4%AE%E0%A5%80. (Caused by SSLError(SSLEOFError(8, 'EOF occurred in violation of protocol (_ssl.c:1007)')))
[2025-09-22 14:57:05] common_voice_hi_41228934.mp3 -> ('Connection aborted.', RemoteDisconnected('Remote end closed connection without response'))
[2025-09-22 14:57:21] common_voice_hi_41228935.mp3 -> ('Connection aborted.', RemoteDisconnected('Remote end closed connection without response'))
[2025-09-22 14:57:55] common_voice_hi_41228937.mp3 -> ('Connection aborted.', RemoteDisconnected('Remote end closed connection without response'))
[2025-09-22 14:58:11] common_voice_hi_41228978.mp3 -> HTTPSConnectionPool(host='translate.google.com', port=443): Max retries exceeded with url: /m?tl=mr&sl=hi&q=%E0%A4%87%E0%A4%B8+%E0%A4%AC%E0%A4%BE%E0%A4%AF%E0%A5%8B+%E0%A4%AA%E0%A4%BF%E0%A4%95+%E0%A4%95%E0%A4%BF%E0%A4%B2%E0%A5%87+%E0%A4%AC%E0%A5%87%E0%A4%A6+%E0%A4%AE%E0%A4%BF%E0%A4%A8%E0%A5%8D%E0%A4%A4%E0%A4%A8%E0%A5%8D+%E0%A4%B8%E0%A5%80%E0%A4%96+%E0%A4%B0%E0%A4%B9%E0%A5%80+%E0%A4%B9%E0%A5%88%E0%A4%82+%E0%A4%AA%E0%A4%B0%E0%A5%80%E0%A4%A8%E0%A4%BF%E0%A4%A4%E0%A5%80+%E0%A4%9A%E0%A5%8B%E0%A4%AA%E0%A5%8D%E0%A4%B0%E0%A4%BE+%E0%A4%9C%E0%A4%B2%E0%A5%8D%E0%A4%A6+%E0%A4%B8%E0%A5%8D%E0%A4%B0%E0%A5%82%E0%A4%B0+%E0%A4%B9%E0%A5%8B%E0%A4%97%E0%A5%80+%E0%A4%B8%E0%A5%81%E0%A4%9F%E0%A4%BF%E0%A4%82 (Caused by SSLError(SSLEOFError(8, 'EOF occurred in violation of protocol (_ssl.c:1007)')))
[2025-09-22 14:58:28] common_voice_hi_41228979.mp3 -> ('Connection aborted.', RemoteDisconnected('Remote end closed connection without response'))
[2025-09-22 14:58:34] common_voice_hi_41228982.mp3 -> HTTPSConnectionPool(host='translate.google.com', port=443): Max retries exceeded with url: /m?tl=mr&sl=hi&q=%E0%A4%AE%E0%A4%B9%E0%A4%BE%E0%A4%82+%E0%A4%B8%E0%A5%81%E0%A4%88%E0%A4%A4%E0%A4%BE+%E0%A4%A6%E0%A5%87%E0%A4%B5%E0%A5%80+%E0%A4%86%E0%A4%A6%E0%A5%80+%E0%A4%B5%E0%A4%BE%E0%A4%B8%E0%A5%8D%E0%A4%AF%E0%A5%8B%E0%A4%82+%E0%A4%95%E0%A5%87+%E0%A4%B2%E0%A4%BF%E0%A4%8F+%E0%A4%B2%E0%A4%A1%E0%A4%A8%E0%A5%87+%E0%A4%B5%E0%A4%BE%E0%A4%B2%E0%A5%80+%E0%A4%B9%E0%A4%BE%E0%A4%9C%E0%A4%BE%E0%A4%B0+%E0%A4%9A%E0%A4%B5%E0%A4%B0%E0%A4%BE%E0%A4%B6%E0%A5%80+%E0%A4%95%E0%A5%80+%E0%A4%AE%E0%A4%BE%E0%A4%82 (Caused by NameResolutionError("<urllib3.connection.HTTPSConnection object at 0x000001799809D780>: Failed to resolve 'translate.google.com' ([Errno 11001] getaddrinfo failed)"))
[2025-09-22 14:59:10] common_voice_hi_41228987.mp3 -> HTTPSConnectionPool(host='translate.google.com', port=443): Max retries exceeded with url: /m?tl=mr&sl=hi&q=%E0%A4%A4%E0%A5%87%E0%A4%82%E0%A4%A6%E0%A5%81%E0%A4%B2%E0%A4%95%E0%A4%B0+%E0%A4%95%E0%A5%87+%E0%A4%B0%E0%A4%BF%E0%A4%9F%E0%A4%BE%E0%A4%AF%E0%A4%B0+%E0%A4%B9%E0%A5%8B%E0%A4%A8%E0%A5%87+%E0%A4%95%E0%A5%8B%E0%A4%B2%E0%A5%87%E0%A4%95%E0%A4%B0+%E0%A4%AB%E0%A4%BF%E0%A4%B0+%E0%A4%AA%E0%A4%B9%E0%A4%B7%E0%A5%8D%E0%A4%B5%E0%A5%82%E0%A4%88+%E0%A4%A4%E0%A5%87%E0%A4%9C (Caused by SSLError(SSLEOFError(8, 'EOF occurred in violation of protocol (_ssl.c:1007)')))
[2025-09-22 14:59:25] common_voice_hi_41229067.mp3 -> HTTPSConnectionPool(host='translate.google.com', port=443): Max retries exceeded with url: /m?tl=mr&sl=hi&q=%E0%A4%A6%E0%A4%BF%E0%A4%B5%E0%A4%BE%E0%A4%B2%E0%A5%80+%E0%A4%B8%E0%A5%87+%E0%A4%AA%E0%A4%B9%E0%A4%B2%E0%A5%87+%E0%A4%B9%E0%A5%87+%E0%A4%97%E0%A5%8B%E0%A4%B2%E0%A4%AE%E0%A4%BE%E0%A4%B2+%E0%A4%85%E0%A4%97%E0%A5%87%E0%A4%A8+%E0%A4%95%E0%A5%80+%E0%A4%A4%E0%A5%80%E0%A4%AE+%E0%A4%A8%E0%A5%87+%E0%A4%95%E0%A4%BE+%E0%A4%B9%E0%A4%AE+%E0%A4%A8%E0%A4%B9%E0%A5%80%E0%A4%82+%E0%A4%B8%E0%A5%81%E0%A4%A6+%E0%A4%B0%E0%A5%87%E0%A4%82%E0%A4%97%E0%A5%87 (Caused by SSLError(SSLEOFError(8, 'EOF occurred in violation of protocol (_ssl.c:1007)')))
[2025-09-22 14:59:50] common_voice_hi_41229068.mp3 -> HTTPSConnectionPool(host='translate.google.com', port=443): Max retries exceeded with url: /m?tl=mr&sl=hi&q=%E0%A4%AC%E0%A4%BF%E0%A4%A6%E0%A5%87%E0%A4%B6+%E0%A4%AE%E0%A4%82%E0%A4%A4%E0%A5%8D%E0%A4%B0%E0%A5%80+%E0%A4%B6%E0%A5%81%E0%A4%B6%E0%A5%8D%E0%A4%AE%E0%A4%BE%E0%A4%B6+%E0%A4%B0%E0%A4%BE%E0%A4%9C+%E0%A4%B8%E0%A5%87+%E0%A4%AA%E0%A5%8D%E0%A4%B0%E0%A5%8B%E0%A4%9F%E0%A5%8B%E0%A4%95%E0%A4%BE%E0%A4%B2+%E0%A4%A4%E0%A5%8B%E0%A4%A1%E0%A4%95%E0%A4%B0+%E0%A4%AE%E0%A4%BF%E0%A4%B2%E0%A5%87%E0%A4%82%E0%A4%97%E0%A5%87+%E0%A4%9A%E0%A4%BF%E0%A4%A8%E0%A5%80+%E0%A4%B0%E0%A4%BE%E0%A4%B7%E0%A5%8D%E0%A4%9F%E0%A4%AA%E0%A4%A4%E0%A5%80+%E0%A4%B6%E0%A5%80+%E0%A4%9C%E0%A4%BF%E0%A4%A8%E0%A5%8D%E0%A4%AA%E0%A4%BF%E0%A4%82 (Caused by SSLError(SSLEOFError(8, 'EOF occurred in violation of protocol (_ssl.c:1007)')))
[2025-09-22 15:00:05] common_voice_hi_41229069.mp3 -> ('Connection aborted.', RemoteDisconnected('Remote end closed connection without response'))
[2025-09-22 15:21:10] common_voice_hi_41315975.mp3 -> Failed to connect. Probable cause: Unknown
[2025-09-22 19:06:11] common_voice_hi_41701260.mp3 -> No text to speak
